2025-07-24 22:09:36,376 - WARNING - Could not load config file: Expecting value: line 1 column 1 (char 0)
2025-07-24 22:10:03,017 - WARNING - Could not load config file: Expecting value: line 1 column 1 (char 0)
2025-07-24 22:10:33,359 - WARNING - Could not load config file: Expecting value: line 1 column 1 (char 0)
2025-07-24 22:13:15,776 - WARNING - Could not load config file: Expecting value: line 1 column 1 (char 0)
2025-07-24 22:13:16,095 - INFO - Found 1 PDF files to process
2025-07-24 22:13:16,095 - INFO - Processing: sample-invoice.pdf
2025-07-24 22:13:16,141 - INFO - Excel file created: output/results.xlsx
2025-07-24 22:16:21,886 - INFO - Processing: cpb_invoice.pdf
2025-07-24 22:16:23,870 - ERROR - OCR failed for input/cpb_invoice.pdf: Unable to get page count.
I/O Error: Couldn't open file 'input/cpb_invoice.pdf': No such file or directory.

2025-07-24 22:16:23,870 - WARNING - All extraction methods failed for input/cpb_invoice.pdf: ["pymupdf_error: no such file: 'input/cpb_invoice.pdf'", "pdfplumber_error: [Errno 2] No such file or directory: 'input/cpb_in", 'tesseract_ocr']
2025-07-24 22:20:00,208 - INFO - Processing: sample-invoice.pdf
2025-07-24 22:20:12,961 - INFO - Found 1 PDF files to process
2025-07-24 22:20:12,961 - INFO - Processing: sample-invoice.pdf
2025-07-24 22:20:13,013 - INFO - Excel file created: output/results.xlsx
2025-07-24 22:20:58,731 - INFO - Found 1 PDF files to process
2025-07-24 22:20:58,731 - INFO - Processing: sample-invoice.pdf
2025-07-24 22:20:58,770 - INFO - Excel file created: output/results.xlsx
2025-07-24 22:22:39,111 - INFO - Processing: sample-invoice.pdf
2025-07-24 22:24:31,578 - INFO - Found 1 PDF files to process
2025-07-24 22:24:31,579 - INFO - Processing: sample-invoice-english.pdf
2025-07-24 22:24:31,613 - INFO - Excel file created: output/results.xlsx
2025-07-24 22:27:44,800 - INFO - Processing: sample-invoice-english.pdf
2025-07-24 22:28:45,645 - INFO - Processing: sample-invoice-english.pdf
2025-07-24 22:34:57,024 - INFO - Processing: sample-invoice-english.pdf
2025-07-24 22:34:57,056 - INFO - Excel file created: output/improved_results.xlsx
2025-07-24 22:35:42,495 - INFO - Processing: sample-invoice-english.pdf
2025-07-24 22:35:42,531 - INFO - Excel file created: output/improved_results.xlsx
